<?xml version="1.0" encoding="UTF-8"?>
<!-- Generated by org.testng.reporters.JUnitXMLReporter -->
<testsuite hostname="LSPL309-PC" name="Default test" tests="31" failures="0" timestamp="1 Apr 2020 15:24:10 GMT" time="0.588" errors="0">
  <testcase name="@BeforeSuite Pre_requisite" time="0.0" classname="com.testcases.driverscripts.Execute_MainScript">
    <failure type="java.lang.NullPointerException">
      <![CDATA[java.lang.NullPointerException
	at com.testcases.driverscripts.Execute_MainScript.Pre_requisite(Execute_MainScript.java:140)
	at sun.reflect.NativeMethodAccessorImpl.invoke0(Native Method)
	at sun.reflect.NativeMethodAccessorImpl.invoke(Unknown Source)
	at sun.reflect.DelegatingMethodAccessorImpl.invoke(Unknown Source)
	at java.lang.reflect.Method.invoke(Unknown Source)
	at org.testng.internal.MethodInvocationHelper.invokeMethod(MethodInvocationHelper.java:86)
	at org.testng.internal.Invoker.invokeConfigurationMethod(Invoker.java:514)
	at org.testng.internal.Invoker.invokeConfigurations(Invoker.java:215)
	at org.testng.internal.Invoker.invokeConfigurations(Invoker.java:142)
	at org.testng.SuiteRunner.privateRun(SuiteRunner.java:305)
	at org.testng.SuiteRunner.run(SuiteRunner.java:268)
	at org.testng.SuiteRunnerWorker.runSuite(SuiteRunnerWorker.java:52)
	at org.testng.SuiteRunnerWorker.run(SuiteRunnerWorker.java:86)
	at org.testng.TestNG.runSuitesSequentially(TestNG.java:1244)
	at org.testng.TestNG.runSuitesLocally(TestNG.java:1169)
	at org.testng.TestNG.run(TestNG.java:1064)
	at org.testng.remote.AbstractRemoteTestNG.run(AbstractRemoteTestNG.java:114)
	at org.testng.remote.RemoteTestNG.initAndRun(RemoteTestNG.java:251)
	at org.testng.remote.RemoteTestNG.main(RemoteTestNG.java:77)
]]>
    </failure>
  </testcase> <!-- @BeforeSuite Pre_requisite -->
  <testcase name="@BeforeTest EnvSetup" time="0.0" classname="com.testcases.driverscripts.Execute_MainScript">
    <skipped/>
  </testcase> <!-- @BeforeTest EnvSetup -->
  <testcase name="@AfterMethod TestResults" time="0.0" classname="com.testcases.driverscripts.Execute_MainScript">
    <skipped/>
  </testcase> <!-- @AfterMethod TestResults -->
  <testcase name="@AfterMethod TestResults" time="0.0" classname="com.testcases.driverscripts.Execute_MainScript">
    <skipped/>
  </testcase> <!-- @AfterMethod TestResults -->
  <testcase name="@AfterMethod TestResults" time="0.0" classname="com.testcases.driverscripts.Execute_MainScript">
    <skipped/>
  </testcase> <!-- @AfterMethod TestResults -->
  <testcase name="@AfterMethod TestResults" time="0.0" classname="com.testcases.driverscripts.Execute_MainScript">
    <skipped/>
  </testcase> <!-- @AfterMethod TestResults -->
  <testcase name="@AfterMethod TestResults" time="0.0" classname="com.testcases.driverscripts.Execute_MainScript">
    <skipped/>
  </testcase> <!-- @AfterMethod TestResults -->
  <testcase name="@AfterMethod TestResults" time="0.0" classname="com.testcases.driverscripts.Execute_MainScript">
    <skipped/>
  </testcase> <!-- @AfterMethod TestResults -->
  <testcase name="@AfterMethod TestResults" time="0.0" classname="com.testcases.driverscripts.Execute_MainScript">
    <skipped/>
  </testcase> <!-- @AfterMethod TestResults -->
  <testcase name="@AfterMethod TestResults" time="0.0" classname="com.testcases.driverscripts.Execute_MainScript">
    <skipped/>
  </testcase> <!-- @AfterMethod TestResults -->
  <testcase name="@AfterMethod TestResults" time="0.0" classname="com.testcases.driverscripts.Execute_MainScript">
    <skipped/>
  </testcase> <!-- @AfterMethod TestResults -->
  <testcase name="@AfterMethod TestResults" time="0.0" classname="com.testcases.driverscripts.Execute_MainScript">
    <skipped/>
  </testcase> <!-- @AfterMethod TestResults -->
  <testcase name="@AfterMethod TestResults" time="0.0" classname="com.testcases.driverscripts.Execute_MainScript">
    <skipped/>
  </testcase> <!-- @AfterMethod TestResults -->
  <testcase name="@AfterMethod TestResults" time="0.0" classname="com.testcases.driverscripts.Execute_MainScript">
    <skipped/>
  </testcase> <!-- @AfterMethod TestResults -->
  <testcase name="@AfterMethod TestResults" time="0.0" classname="com.testcases.driverscripts.Execute_MainScript">
    <skipped/>
  </testcase> <!-- @AfterMethod TestResults -->
  <testcase name="@AfterMethod TestResults" time="0.0" classname="com.testcases.driverscripts.Execute_MainScript">
    <skipped/>
  </testcase> <!-- @AfterMethod TestResults -->
  <testcase name="@AfterMethod TestResults" time="0.0" classname="com.testcases.driverscripts.Execute_MainScript">
    <skipped/>
  </testcase> <!-- @AfterMethod TestResults -->
  <testcase name="@AfterMethod TestResults" time="0.0" classname="com.testcases.driverscripts.Execute_MainScript">
    <skipped/>
  </testcase> <!-- @AfterMethod TestResults -->
  <testcase name="@AfterMethod TestResults" time="0.0" classname="com.testcases.driverscripts.Execute_MainScript">
    <skipped/>
  </testcase> <!-- @AfterMethod TestResults -->
  <testcase name="@AfterMethod TestResults" time="0.0" classname="com.testcases.driverscripts.Execute_MainScript">
    <skipped/>
  </testcase> <!-- @AfterMethod TestResults -->
  <testcase name="@AfterMethod TestResults" time="0.0" classname="com.testcases.driverscripts.Execute_MainScript">
    <skipped/>
  </testcase> <!-- @AfterMethod TestResults -->
  <testcase name="@AfterMethod TestResults" time="0.0" classname="com.testcases.driverscripts.Execute_MainScript">
    <skipped/>
  </testcase> <!-- @AfterMethod TestResults -->
  <testcase name="@AfterMethod TestResults" time="0.0" classname="com.testcases.driverscripts.Execute_MainScript">
    <skipped/>
  </testcase> <!-- @AfterMethod TestResults -->
  <testcase name="@AfterMethod TestResults" time="0.0" classname="com.testcases.driverscripts.Execute_MainScript">
    <skipped/>
  </testcase> <!-- @AfterMethod TestResults -->
  <testcase name="@AfterMethod TestResults" time="0.0" classname="com.testcases.driverscripts.Execute_MainScript">
    <skipped/>
  </testcase> <!-- @AfterMethod TestResults -->
  <testcase name="@AfterMethod TestResults" time="0.0" classname="com.testcases.driverscripts.Execute_MainScript">
    <skipped/>
  </testcase> <!-- @AfterMethod TestResults -->
  <testcase name="@AfterMethod TestResults" time="0.0" classname="com.testcases.driverscripts.Execute_MainScript">
    <skipped/>
  </testcase> <!-- @AfterMethod TestResults -->
  <testcase name="@AfterMethod TestResults" time="0.0" classname="com.testcases.driverscripts.Execute_MainScript">
    <skipped/>
  </testcase> <!-- @AfterMethod TestResults -->
  <testcase name="@AfterMethod TestResults" time="0.0" classname="com.testcases.driverscripts.Execute_MainScript">
    <skipped/>
  </testcase> <!-- @AfterMethod TestResults -->
  <testcase name="@AfterMethod TestResults" time="0.0" classname="com.testcases.driverscripts.Execute_MainScript">
    <skipped/>
  </testcase> <!-- @AfterMethod TestResults -->
  <testcase name="@AfterMethod TestResults" time="0.0" classname="com.testcases.driverscripts.Execute_MainScript">
    <skipped/>
  </testcase> <!-- @AfterMethod TestResults -->
  <testcase name="@AfterMethod TestResults" time="0.0" classname="com.testcases.driverscripts.Execute_MainScript">
    <skipped/>
  </testcase> <!-- @AfterMethod TestResults -->
  <testcase name="@AfterMethod TestResults" time="0.0" classname="com.testcases.driverscripts.Execute_MainScript">
    <skipped/>
  </testcase> <!-- @AfterMethod TestResults -->
  <testcase name="ExecuteTest" time="0.001" classname="com.testcases.driverscripts.Execute_MainScript">
    <skipped/>
  </testcase> <!-- ExecuteTest -->
  <testcase name="ExecuteTest" time="0.001" classname="com.testcases.driverscripts.Execute_MainScript">
    <skipped/>
  </testcase> <!-- ExecuteTest -->
  <testcase name="ExecuteTest" time="0.001" classname="com.testcases.driverscripts.Execute_MainScript">
    <skipped/>
  </testcase> <!-- ExecuteTest -->
  <testcase name="ExecuteTest" time="0.001" classname="com.testcases.driverscripts.Execute_MainScript">
    <skipped/>
  </testcase> <!-- ExecuteTest -->
  <testcase name="ExecuteTest" time="0.001" classname="com.testcases.driverscripts.Execute_MainScript">
    <skipped/>
  </testcase> <!-- ExecuteTest -->
  <testcase name="ExecuteTest" time="0.001" classname="com.testcases.driverscripts.Execute_MainScript">
    <skipped/>
  </testcase> <!-- ExecuteTest -->
  <testcase name="ExecuteTest" time="0.001" classname="com.testcases.driverscripts.Execute_MainScript">
    <skipped/>
  </testcase> <!-- ExecuteTest -->
  <testcase name="ExecuteTest" time="0.001" classname="com.testcases.driverscripts.Execute_MainScript">
    <skipped/>
  </testcase> <!-- ExecuteTest -->
  <testcase name="ExecuteTest" time="0.0" classname="com.testcases.driverscripts.Execute_MainScript">
    <skipped/>
  </testcase> <!-- ExecuteTest -->
  <testcase name="ExecuteTest" time="0.001" classname="com.testcases.driverscripts.Execute_MainScript">
    <skipped/>
  </testcase> <!-- ExecuteTest -->
  <testcase name="ExecuteTest" time="0.001" classname="com.testcases.driverscripts.Execute_MainScript">
    <skipped/>
  </testcase> <!-- ExecuteTest -->
  <testcase name="ExecuteTest" time="0.001" classname="com.testcases.driverscripts.Execute_MainScript">
    <skipped/>
  </testcase> <!-- ExecuteTest -->
  <testcase name="ExecuteTest" time="0.001" classname="com.testcases.driverscripts.Execute_MainScript">
    <skipped/>
  </testcase> <!-- ExecuteTest -->
  <testcase name="ExecuteTest" time="0.0" classname="com.testcases.driverscripts.Execute_MainScript">
    <skipped/>
  </testcase> <!-- ExecuteTest -->
  <testcase name="ExecuteTest" time="0.001" classname="com.testcases.driverscripts.Execute_MainScript">
    <skipped/>
  </testcase> <!-- ExecuteTest -->
  <testcase name="ExecuteTest" time="0.0" classname="com.testcases.driverscripts.Execute_MainScript">
    <skipped/>
  </testcase> <!-- ExecuteTest -->
  <testcase name="ExecuteTest" time="0.001" classname="com.testcases.driverscripts.Execute_MainScript">
    <skipped/>
  </testcase> <!-- ExecuteTest -->
  <testcase name="ExecuteTest" time="0.0" classname="com.testcases.driverscripts.Execute_MainScript">
    <skipped/>
  </testcase> <!-- ExecuteTest -->
  <testcase name="ExecuteTest" time="0.0" classname="com.testcases.driverscripts.Execute_MainScript">
    <skipped/>
  </testcase> <!-- ExecuteTest -->
  <testcase name="ExecuteTest" time="0.0" classname="com.testcases.driverscripts.Execute_MainScript">
    <skipped/>
  </testcase> <!-- ExecuteTest -->
  <testcase name="ExecuteTest" time="0.0" classname="com.testcases.driverscripts.Execute_MainScript">
    <skipped/>
  </testcase> <!-- ExecuteTest -->
  <testcase name="ExecuteTest" time="0.0" classname="com.testcases.driverscripts.Execute_MainScript">
    <skipped/>
  </testcase> <!-- ExecuteTest -->
  <testcase name="ExecuteTest" time="0.0" classname="com.testcases.driverscripts.Execute_MainScript">
    <skipped/>
  </testcase> <!-- ExecuteTest -->
  <testcase name="ExecuteTest" time="0.001" classname="com.testcases.driverscripts.Execute_MainScript">
    <skipped/>
  </testcase> <!-- ExecuteTest -->
  <testcase name="ExecuteTest" time="0.001" classname="com.testcases.driverscripts.Execute_MainScript">
    <skipped/>
  </testcase> <!-- ExecuteTest -->
  <testcase name="ExecuteTest" time="0.001" classname="com.testcases.driverscripts.Execute_MainScript">
    <skipped/>
  </testcase> <!-- ExecuteTest -->
  <testcase name="ExecuteTest" time="0.0" classname="com.testcases.driverscripts.Execute_MainScript">
    <skipped/>
  </testcase> <!-- ExecuteTest -->
  <testcase name="ExecuteTest" time="0.0" classname="com.testcases.driverscripts.Execute_MainScript">
    <skipped/>
  </testcase> <!-- ExecuteTest -->
  <testcase name="ExecuteTest" time="0.001" classname="com.testcases.driverscripts.Execute_MainScript">
    <skipped/>
  </testcase> <!-- ExecuteTest -->
  <testcase name="ExecuteTest" time="0.0" classname="com.testcases.driverscripts.Execute_MainScript">
    <skipped/>
  </testcase> <!-- ExecuteTest -->
  <testcase name="ExecuteTest" time="0.001" classname="com.testcases.driverscripts.Execute_MainScript">
    <skipped/>
  </testcase> <!-- ExecuteTest -->
</testsuite> <!-- Default test -->
